build/app/outputs/mapping/release/configuration.txt
# The proguard configuration file for the following section is intermediates/proguard-files/proguard-android.txt-4.1.0
# This is a configuration file for ProGuard.
# http://proguard.sourceforge.net/index.html#manual/usage.html
#
# Starting with version 2.2 of the Android plugin for Gradle, this file is distributed together with
# the plugin and unpacked at build-time. The files in $ANDROID_HOME are no longer maintained and
# will be ignored by new version of the Android plugin for Gradle.

# Optimization is turned off by default. Dex does not like code run
# through the ProGuard optimize steps (and performs some
# of these optimizations on its own).
# Note that if you want to enable optimization, you cannot just
# include optimization flags in your own project configuration file;
# instead you will need to point to the
# "proguard-android-optimize.txt" file instead of this one from your
# project.properties file.
-dontoptimize

-dontusemixedcaseclassnames
-dontskipnonpubliclibraryclasses
-verbose

# Preserve some attributes that may be required for reflection.
-keepattributes *Annotation*,Signature,InnerClasses,EnclosingMethod

-keep public class com.google.vending.licensing.ILicensingService
-keep public class com.android.vending.licensing.ILicensingService
-keep public class com.google.android.vending.licensing.ILicensingService
-dontnote com.android.vending.licensing.ILicensingService
-dontnote com.google.vending.licensing.ILicensingService
-dontnote com.google.android.vending.licensing.ILicensingService

# For native methods, see http://proguard.sourceforge.net/manual/examples.html#native
-keepclasseswithmembernames,includedescriptorclasses class * {
    native <methods>;
}

# Keep setters in Views so that animations can still work.
-keepclassmembers public class * extends android.view.View {
    void set*(***);
    *** get*();
}

# We want to keep methods in Activity that could be used in the XML attribute onClick.
-keepclassmembers class * extends android.app.Activity {
    public void *(android.view.View);
}

# For enumeration classes, see http://proguard.sourceforge.net/manual/examples.html#enumerations
-keepclassmembers enum * {
    public static **[] values();
    public static ** valueOf(java.lang.String);
}

-keepclassmembers class * implements android.os.Parcelable {
    public static final ** CREATOR;
}

# Preserve annotated Javascript interface methods.
-keepclassmembers class * {
    @android.webkit.JavascriptInterface <methods>;
}

# The support libraries contains references to newer platform versions.
# Don't warn about those in case this app is linking against an older
# platform version. We know about them, and they are safe.
-dontnote android.support.**
-dontnote androidx.**
-dontwarn android.support.**
-dontwarn androidx.**

# This class is deprecated, but remains for backward compatibility.
-dontwarn android.util.FloatMath

# Understand the @Keep support annotation.
-keep class android.support.annotation.Keep
-keep class androidx.annotation.Keep

-keep @android.support.annotation.Keep class * {*;}
-keep @androidx.annotation.Keep class * {*;}

-keepclasseswithmembers class * {
    @android.support.annotation.Keep <methods>;
}

-keepclasseswithmembers class * {
    @androidx.annotation.Keep <methods>;
}

-keepclasseswithmembers class * {
    @android.support.annotation.Keep <fields>;
}

-keepclasseswithmembers class * {
    @androidx.annotation.Keep <fields>;
}

-keepclasseswithmembers class * {
    @android.support.annotation.Keep <init>(...);
}

-keepclasseswithmembers class * {
    @androidx.annotation.Keep <init>(...);
}

# These classes are duplicated between android.jar and org.apache.http.legacy.jar.
-dontnote org.apache.http.**
-dontnote android.net.http.**

# These classes are duplicated between android.jar and core-lambda-stubs.jar.
-dontnote java.lang.invoke.**

# End of content from intermediates/proguard-files/proguard-android.txt-4.1.0
# The proguard configuration file for the following section is flutter_tools/gradle/flutter_proguard_rules.pro
# Build the ephemeral app in a module project.
# Prevents: Warning: library class <plugin-package> depends on program class io.flutter.plugin.**
# This is due to plugins (libraries) depending on the embedding (the program jar)
-dontwarn io.flutter.plugin.**

# The android.** package is provided by the OS at runtime.
-dontwarn android.**

# End of content from flutter_tools/gradle/flutter_proguard_rules.pro
# The proguard configuration file for the following section is aapt_proguard_file/release/aapt_rules.txt
-keep class androidx.core.app.CoreComponentFactory { <init>(); }
-keep class androidx.room.MultiInstanceInvalidationService { <init>(); }
-keep class androidx.work.impl.WorkManagerInitializer { <init>(); }
-keep class androidx.work.impl.background.systemalarm.ConstraintProxy$BatteryChargingProxy { <init>(); }
-keep class androidx.work.impl.background.systemalarm.ConstraintProxy$BatteryNotLowProxy { <init>(); }
-keep class androidx.work.impl.background.systemalarm.ConstraintProxy$NetworkStateProxy { <init>(); }
-keep class androidx.work.impl.background.systemalarm.ConstraintProxy$StorageNotLowProxy { <init>(); }
-keep class androidx.work.impl.background.systemalarm.ConstraintProxyUpdateReceiver { <init>(); }
-keep class androidx.work.impl.background.systemalarm.RescheduleReceiver { <init>(); }
-keep class androidx.work.impl.background.systemalarm.SystemAlarmService { <init>(); }
-keep class androidx.work.impl.background.systemjob.SystemJobService { <init>(); }
-keep class androidx.work.impl.diagnostics.DiagnosticsReceiver { <init>(); }
-keep class androidx.work.impl.foreground.SystemForegroundService { <init>(); }
-keep class androidx.work.impl.utils.ForceStopRunnable$BroadcastReceiver { <init>(); }
-keep class com.example.caivideo.MainActivity { <init>(); }
-keep class io.flutter.plugins.imagepicker.ImagePickerFileProvider { <init>(); }
-keep class androidx.recyclerview.widget.RecyclerView { <init>(android.content.Context, android.util.AttributeSet); }

-keep class com.google.android.exoplayer2.ui.AspectRatioFrameLayout { <init>(android.content.Context, android.util.AttributeSet); }

-keep class com.google.android.exoplayer2.ui.SubtitleView { <init>(android.content.Context, android.util.AttributeSet); }

-keep class com.google.android.exoplayer2.ui.TrackSelectionView { <init>(android.content.Context, android.util.AttributeSet); }


# End of content from aapt_proguard_file/release/aapt_rules.txt
# The proguard configuration file for the following section is release/lib0/proguard.txt
# The point of this package is to specify that a dependent plugin intends to
# use the AndroidX lifecycle classes. Make sure no R8 heuristics shrink classes
# brought in by the embedding's pom.
#
# This isn't strictly needed since by definition, plugins using Android
# lifecycles should implement DefaultLifecycleObserver and therefore keep it
# from being shrunk. But there seems to be an R8 bug so this needs to stay
# https://issuetracker.google.com/issues/142778206.
-keep class androidx.lifecycle.DefaultLifecycleObserver

# End of content from release/lib0/proguard.txt
# The proguard configuration file for the following section is df7c4e0be1c563efab5cb2a0f8957aa0/jetified-exoplayer-ui-2.14.2/proguard.txt
# Proguard rules specific to the UI module.

# Constructor method accessed via reflection in TrackSelectionDialogBuilder
-dontnote androidx.appcompat.app.AlertDialog.Builder
-keepclassmembers class androidx.appcompat.app.AlertDialog$Builder {
  <init>(android.content.Context, int);
  public android.content.Context getContext();
  public androidx.appcompat.app.AlertDialog$Builder setTitle(java.lang.CharSequence);
  public androidx.appcompat.app.AlertDialog$Builder setView(android.view.View);
  public androidx.appcompat.app.AlertDialog$Builder setPositiveButton(int, android.content.DialogInterface$OnClickListener);
  public androidx.appcompat.app.AlertDialog$Builder setNegativeButton(int, android.content.DialogInterface$OnClickListener);
  public androidx.appcompat.app.AlertDialog create();
}
# Equivalent methods needed when the library is de-jetified.
-dontnote androidx.appcompat.app.AlertDialog.Builder
-keepclassmembers class androidx.appcompat.app.AlertDialog$Builder {
  <init>(android.content.Context, int);
  public android.content.Context getContext();
  public androidx.appcompat.app.AlertDialog$Builder setTitle(java.lang.CharSequence);
  public androidx.appcompat.app.AlertDialog$Builder setView(android.view.View);
  public androidx.appcompat.app.AlertDialog$Builder setPositiveButton(int, android.content.DialogInterface$OnClickListener);
  public androidx.appcompat.app.AlertDialog$Builder setNegativeButton(int, android.content.DialogInterface$OnClickListener);
  public androidx.appcompat.app.AlertDialog create();
}

# Don't warn about checkerframework and Kotlin annotations
-dontwarn org.checkerframework.**
-dontwarn kotlin.annotations.jvm.**
-dontwarn javax.annotation.**

# End of content from df7c4e0be1c563efab5cb2a0f8957aa0/jetified-exoplayer-ui-2.14.2/proguard.txt
# The proguard configuration file for the following section is 535c428f17582788ad5fcd48d5585ff3/jetified-exoplayer-core-2.14.2/proguard.txt
# Proguard rules specific to the core module.

# Constant folding for resource integers may mean that a resource passed to this method appears to be unused. Keep the method to prevent this from happening.
-keepclassmembers class com.google.android.exoplayer2.upstream.RawResourceDataSource {
  public static android.net.Uri buildRawResourceUri(int);
}

# Constructors accessed via reflection in DefaultRenderersFactory
-dontnote com.google.android.exoplayer2.ext.vp9.LibvpxVideoRenderer
-keepclassmembers class com.google.android.exoplayer2.ext.vp9.LibvpxVideoRenderer {
  <init>(long, android.os.Handler, com.google.android.exoplayer2.video.VideoRendererEventListener, int);
}
-dontnote com.google.android.exoplayer2.ext.av1.Libgav1VideoRenderer
-keepclassmembers class com.google.android.exoplayer2.ext.av1.Libgav1VideoRenderer {
  <init>(long, android.os.Handler, com.google.android.exoplayer2.video.VideoRendererEventListener, int);
}
-dontnote com.google.android.exoplayer2.ext.opus.LibopusAudioRenderer
-keepclassmembers class com.google.android.exoplayer2.ext.opus.LibopusAudioRenderer {
  <init>(android.os.Handler, com.google.android.exoplayer2.audio.AudioRendererEventListener, com.google.android.exoplayer2.audio.AudioSink);
}
-dontnote com.google.android.exoplayer2.ext.flac.LibflacAudioRenderer
-keepclassmembers class com.google.android.exoplayer2.ext.flac.LibflacAudioRenderer {
  <init>(android.os.Handler, com.google.android.exoplayer2.audio.AudioRendererEventListener, com.google.android.exoplayer2.audio.AudioSink);
}
-dontnote com.google.android.exoplayer2.ext.ffmpeg.FfmpegAudioRenderer
-keepclassmembers class com.google.android.exoplayer2.ext.ffmpeg.FfmpegAudioRenderer {
  <init>(android.os.Handler, com.google.android.exoplayer2.audio.AudioRendererEventListener, com.google.android.exoplayer2.audio.AudioSink);
}

# Constructors accessed via reflection in DefaultDataSource
-dontnote com.google.android.exoplayer2.ext.rtmp.RtmpDataSource
-keepclassmembers class com.google.android.exoplayer2.ext.rtmp.RtmpDataSource {
  <init>();
}

# Constructors accessed via reflection in DefaultDownloaderFactory
-dontnote com.google.android.exoplayer2.source.dash.offline.DashDownloader
-keepclassmembers class com.google.android.exoplayer2.source.dash.offline.DashDownloader {
  <init>(com.google.android.exoplayer2.MediaItem, com.google.android.exoplayer2.upstream.cache.CacheDataSource$Factory, java.util.concurrent.Executor);
}
-dontnote com.google.android.exoplayer2.source.hls.offline.HlsDownloader
-keepclassmembers class com.google.android.exoplayer2.source.hls.offline.HlsDownloader {
  <init>(com.google.android.exoplayer2.MediaItem, com.google.android.exoplayer2.upstream.cache.CacheDataSource$Factory, java.util.concurrent.Executor);
}
-dontnote com.google.android.exoplayer2.source.smoothstreaming.offline.SsDownloader
-keepclassmembers class com.google.android.exoplayer2.source.smoothstreaming.offline.SsDownloader {
  <init>(com.google.android.exoplayer2.MediaItem, com.google.android.exoplayer2.upstream.cache.CacheDataSource$Factory, java.util.concurrent.Executor);
}

# Constructors accessed via reflection in DefaultMediaSourceFactory
-dontnote com.google.android.exoplayer2.source.dash.DashMediaSource$Factory
-keepclasseswithmembers class com.google.android.exoplayer2.source.dash.DashMediaSource$Factory {
  <init>(com.google.android.exoplayer2.upstream.DataSource$Factory);
}
-dontnote com.google.android.exoplayer2.source.hls.HlsMediaSource$Factory
-keepclasseswithmembers class com.google.android.exoplayer2.source.hls.HlsMediaSource$Factory {
  <init>(com.google.android.exoplayer2.upstream.DataSource$Factory);
}
-dontnote com.google.android.exoplayer2.source.smoothstreaming.SsMediaSource$Factory
-keepclasseswithmembers class com.google.android.exoplayer2.source.smoothstreaming.SsMediaSource$Factory {
  <init>(com.google.android.exoplayer2.upstream.DataSource$Factory);
}
-dontnote com.google.android.exoplayer2.source.rtsp.RtspMediaSource$Factory
-keepclasseswithmembers class com.google.android.exoplayer2.source.rtsp.RtspMediaSource$Factory {
  <init>();
}

# End of content from 535c428f17582788ad5fcd48d5585ff3/jetified-exoplayer-core-2.14.2/proguard.txt
# The proguard configuration file for the following section is 8166b8c0f2cbf9ac297d564747e624e9/work-runtime-2.5.0/proguard.txt
-keep class * extends androidx.work.Worker
-keep class * extends androidx.work.InputMerger
# Keep all constructors on ListenableWorker, Worker (also marked with @Keep)
-keep public class * extends androidx.work.ListenableWorker {
    public <init>(...);
}
# We need to keep WorkerParameters for the ListenableWorker constructor
-keep class androidx.work.WorkerParameters

# End of content from 8166b8c0f2cbf9ac297d564747e624e9/work-runtime-2.5.0/proguard.txt
# The proguard configuration file for the following section is 5df89e8088c70e401fb8cfb2812809a3/recyclerview-1.1.0/proguard.txt
# Copyright (C) 2015 The Android Open Source Project
#
# Licensed under the Apache License, Version 2.0 (the "License");
# you may not use this file except in compliance with the License.
# You may obtain a copy of the License at
#
#      http://www.apache.org/licenses/LICENSE-2.0
#
# Unless required by applicable law or agreed to in writing, software
# distributed under the License is distributed on an "AS IS" BASIS,
# WITHOUT WARRANTIES OR CONDITIONS OF ANY KIND, either express or implied.
# See the License for the specific language governing permissions and
# limitations under the License.

# When layoutManager xml attribute is used, RecyclerView inflates
#LayoutManagers' constructors using reflection.
-keep public class * extends androidx.recyclerview.widget.RecyclerView$LayoutManager {
    public <init>(android.content.Context, android.util.AttributeSet, int, int);
    public <init>();
}

-keepclassmembers class androidx.recyclerview.widget.RecyclerView {
    public void suppressLayout(boolean);
    public boolean isLayoutSuppressed();
}
# End of content from 5df89e8088c70e401fb8cfb2812809a3/recyclerview-1.1.0/proguard.txt
# The proguard configuration file for the following section is 014d0d28a24027af3c075df71bb4d312/media-1.2.1/proguard.txt
# Copyright (C) 2017 The Android Open Source Project
#
# Licensed under the Apache License, Version 2.0 (the "License");
# you may not use this file except in compliance with the License.
# You may obtain a copy of the License at
#
#      http://www.apache.org/licenses/LICENSE-2.0
#
# Unless required by applicable law or agreed to in writing, software
# distributed under the License is distributed on an "AS IS" BASIS,
# WITHOUT WARRANTIES OR CONDITIONS OF ANY KIND, either express or implied.
# See the License for the specific language governing permissions and
# limitations under the License.

# Prevent Parcelable objects from being removed or renamed.
-keep class android.support.v4.media.** implements android.os.Parcelable {
    public static final android.os.Parcelable$Creator *;
}

# Prevent Parcelable objects from being removed or renamed.
-keep class androidx.media.** implements android.os.Parcelable {
    public static final android.os.Parcelable$Creator *;
}
# End of content from 014d0d28a24027af3c075df71bb4d312/media-1.2.1/proguard.txt
# The proguard configuration file for the following section is c55ef91c26d4308e6afaf93e553ef302/coordinatorlayout-1.0.0/proguard.txt
# Copyright (C) 2016 The Android Open Source Project
#
# Licensed under the Apache License, Version 2.0 (the "License");
# you may not use this file except in compliance with the License.
# You may obtain a copy of the License at
#
#      http://www.apache.org/licenses/LICENSE-2.0
#
# Unless required by applicable law or agreed to in writing, software
# distributed under the License is distributed on an "AS IS" BASIS,
# WITHOUT WARRANTIES OR CONDITIONS OF ANY KIND, either express or implied.
# See the License for the specific language governing permissions and
# limitations under the License.

# CoordinatorLayout resolves the behaviors of its child components with reflection.
-keep public class * extends androidx.coordinatorlayout.widget.CoordinatorLayout$Behavior {
    public <init>(android.content.Context, android.util.AttributeSet);
    public <init>();
}

# Make sure we keep annotations for CoordinatorLayout's DefaultBehavior and ViewPager's DecorView
-keepattributes *Annotation*

# End of content from c55ef91c26d4308e6afaf93e553ef302/coordinatorlayout-1.0.0/proguard.txt
# The proguard configuration file for the following section is a69d6fcd21e670073cd9cab171299398/core-1.3.0/proguard.txt
# Never inline methods, but allow shrinking and obfuscation.
-keepclassmembernames,allowobfuscation,allowshrinking class androidx.core.view.ViewCompat$Api* {
  <methods>;
}
-keepclassmembernames,allowobfuscation,allowshrinking class androidx.core.view.WindowInsetsCompat$Impl* {
  <methods>;
}
-keepclassmembernames,allowobfuscation,allowshrinking class androidx.core.view.WindowInsetsCompat$BuilderImpl* {
  <methods>;
}
# End of content from a69d6fcd21e670073cd9cab171299398/core-1.3.0/proguard.txt
# The proguard configuration file for the following section is ca6b214160bd0909b103aa12202ef51c/lifecycle-runtime-2.2.0/proguard.txt
-keepattributes *Annotation*

-keepclassmembers enum androidx.lifecycle.Lifecycle$Event {
    <fields>;
}

-keep !interface * implements androidx.lifecycle.LifecycleObserver {
}

-keep class * implements androidx.lifecycle.GeneratedAdapter {
    <init>(...);
}

-keepclassmembers class ** {
    @androidx.lifecycle.OnLifecycleEvent *;
}

# this rule is need to work properly when app is compiled with api 28, see b/142778206
-keepclassmembers class androidx.lifecycle.ReportFragment$LifecycleCallbacks { *; }
# End of content from ca6b214160bd0909b103aa12202ef51c/lifecycle-runtime-2.2.0/proguard.txt
# The proguard configuration file for the following section is 2271d874344878e62b9a8e309af0c39d/jetified-savedstate-1.0.0/proguard.txt
# Copyright (C) 2019 The Android Open Source Project
#
# Licensed under the Apache License, Version 2.0 (the "License");
# you may not use this file except in compliance with the License.
# You may obtain a copy of the License at
#
#      http://www.apache.org/licenses/LICENSE-2.0
#
# Unless required by applicable law or agreed to in writing, software
# distributed under the License is distributed on an "AS IS" BASIS,
# WITHOUT WARRANTIES OR CONDITIONS OF ANY KIND, either express or implied.
# See the License for the specific language governing permissions and
# limitations under the License.

-keepclassmembers,allowobfuscation class * implements androidx.savedstate.SavedStateRegistry$AutoRecreated {
    <init>();
}