build/app/outputs/mapping/release/seeds.txt
com.example.caivideo.MainActivity
com.example.caivideo.MainActivity: MainActivity()
...
android.support.v4.media.MediaMetadataCompat: android.os.Parcelable$Creator CREATOR
androidx.work.impl.background.systemalarm.ConstraintProxy$BatteryNotLowProxy: ConstraintProxy$BatteryNotLowProxy()
com.google.android.exoplayer2.metadata.mp4.MotionPhotoMetadata: android.os.Parcelable$Creator CREATOR
androidx.work.WorkerParameters
io.flutter.embedding.engine.FlutterJNI: void nativeOnVsync(long,long,long)
io.flutter.embedding.engine.systemchannels.PlatformChannel$Brightness: io.flutter.embedding.engine.systemchannels.PlatformChannel$Brightness valueOf(java.lang.String)
io.flutter.plugin.editing.ImeSyncDeferringInsetsCallback: android.view.WindowInsetsAnimation$Callback getAnimationCallback()
io.flutter.embedding.engine.FlutterJNI: void setLocalizationPlugin(io.flutter.plugin.localization.LocalizationPlugin)
androidx.work.ListenableWorker
io.flutter.plugins.imagepicker.ImagePickerPlugin$LifeCycleObserver
io.flutter.plugin.platform.SingleViewPresentation: SingleViewPresentation(android.content.Context,android.view.Display,io.flutter.plugin.platform.AccessibilityEventsDelegate,io.flutter.plugin.platform.SingleViewPresentation$PresentationState,android.view.View$OnFocusChangeListener,boolean)
io.flutter.embedding.engine.mutatorsstack.FlutterMutatorsStack: void pushClipRRect(int,int,int,int,float[])
com.google.android.exoplayer2.metadata.flac.VorbisComment: android.os.Parcelable$Creator CREATOR
io.flutter.embedding.engine.FlutterJNI: void onSurfaceWindowChanged(android.view.Surface)
io.flutter.embedding.engine.FlutterJNI: boolean isAttached()
android.support.v4.media.session.ParcelableVolumeInfo
io.flutter.embedding.engine.FlutterJNI: void ensureAttachedToNative()
io.flutter.embedding.engine.FlutterJNI: FlutterJNI()
androidx.media.AudioAttributesImplApi21: AudioAttributesImplApi21()
androidx.media.AudioAttributesImplBase
io.flutter.embedding.engine.systemchannels.PlatformChannel$DeviceOrientation: io.flutter.embedding.engine.systemchannels.PlatformChannel$DeviceOrientation[] values()
com.google.android.exoplayer2.upstream.RawResourceDataSource: android.net.Uri buildRawResourceUri(int)
io.flutter.embedding.engine.FlutterJNI: void handlePlatformMessageResponse(int,java.nio.ByteBuffer)
androidx.fragment.app.Fragment$2
com.google.android.exoplayer2.ui.TrackSelectionView: void setTrackNameProvider(com.google.android.exoplayer2.ui.TrackNameProvider)
com.google.android.exoplayer2.metadata.emsg.EventMessage: android.os.Parcelable$Creator CREATOR
io.flutter.embedding.engine.FlutterJNI: io.flutter.embedding.engine.FlutterJNI nativeSpawn(long,java.lang.String,java.lang.String)
com.google.android.exoplayer2.metadata.id3.PrivFrame: android.os.Parcelable$Creator CREATOR
com.google.android.exoplayer2.source.hls.HlsTrackMetadataEntry$VariantInfo: android.os.Parcelable$Creator CREATOR
io.flutter.embedding.engine.FlutterJNI: void deferredComponentInstallFailure(int,java.lang.String,boolean)
com.google.android.exoplayer2.metadata.flac.PictureFrame: android.os.Parcelable$Creator CREATOR
androidx.work.impl.WorkDatabase: WorkDatabase()
io.flutter.view.AccessibilityViewEmbedder: java.lang.String TAG
io.flutter.embedding.engine.FlutterJNI: void setRefreshRateFPS(float)
androidx.media.AudioAttributesImplApi26: AudioAttributesImplApi26()
com.google.android.exoplayer2.ui.AspectRatioFrameLayout: void setResizeMode(int)
io.flutter.view.FlutterCallbackInformation: FlutterCallbackInformation(java.lang.String,java.lang.String,java.lang.String)
io.flutter.embedding.engine.FlutterJNI
io.flutter.embedding.engine.mutatorsstack.FlutterMutatorsStack: android.graphics.Matrix finalMatrix
io.flutter.view.FlutterCallbackInformation: java.lang.String callbackLibraryPath
io.flutter.embedding.engine.FlutterJNI: void nativeSurfaceChanged(long,int,int)
io.flutter.embedding.engine.renderer.SurfaceTextureWrapper: android.graphics.SurfaceTexture surfaceTexture()
com.google.common.collect.Maps$EntryFunction: com.google.common.collect.Maps$EntryFunction[] values()