build/app/outputs/mapping/release/mapping.txt
# compiler: R8
# compiler_version: 2.1.62
# min_api: 16
# pg_map_id: 880b837
# common_typos_disable
...
com.google.android.exoplayer2.upstream.cache.CacheSpan -> d.a.a.a.e3.p0.k:
    java.io.File file -> f
    long lastTouchTimestamp -> g
    boolean isCached -> e
    long length -> d
    long position -> c
    java.lang.String key -> b
    int compareTo(com.google.android.exoplayer2.upstream.cache.CacheSpan) -> a
    boolean isHoleSpan() -> b
    boolean isOpenEnded() -> c
com.google.android.exoplayer2.upstream.cache.CacheWriter -> d.a.a.a.e3.p0.l:
    com.google.android.exoplayer2.upstream.cache.CacheDataSource dataSource -> a
    long bytesCached -> i
    boolean isCanceled -> j
    long endPosition -> h
    long nextPosition -> g
    com.google.android.exoplayer2.upstream.cache.CacheWriter$ProgressListener progressListener -> f
    com.google.android.exoplayer2.upstream.cache.Cache cache -> b
    com.google.android.exoplayer2.upstream.DataSpec dataSpec -> c
    java.lang.String cacheKey -> d
    byte[] temporaryBuffer -> e
    void cache() -> a
    void cancel() -> b
    long getLength() -> c
    void onNewBytesCached(long) -> d
    void onRequestEndPosition(long) -> e
    long readBlockToCache(long,long) -> f
    void throwIfCanceled() -> g
com.google.android.exoplayer2.upstream.cache.CacheWriter$ProgressListener -> d.a.a.a.e3.p0.l$a:
    void onProgress(long,long,long) -> a
com.google.android.exoplayer2.upstream.cache.CachedContent -> d.a.a.a.e3.p0.m:
    java.util.TreeSet cachedSpans -> c
    java.util.ArrayList lockedRanges -> d
    com.google.android.exoplayer2.upstream.cache.DefaultContentMetadata metadata -> e
    java.lang.String key -> b
    int id -> a
    void addSpan(com.google.android.exoplayer2.upstream.cache.SimpleCacheSpan) -> a
    boolean applyMetadataMutations(com.google.android.exoplayer2.upstream.cache.ContentMetadataMutations) -> b
    long getCachedBytesLength(long,long) -> c
    com.google.android.exoplayer2.upstream.cache.DefaultContentMetadata getMetadata() -> d
    com.google.android.exoplayer2.upstream.cache.SimpleCacheSpan getSpan(long,long) -> e
    java.util.TreeSet getSpans() -> f
    boolean isEmpty() -> g
    boolean isFullyLocked(long,long) -> h
    boolean isFullyUnlocked() -> i
    boolean lockRange(long,long) -> j
    boolean removeSpan(com.google.android.exoplayer2.upstream.cache.CacheSpan) -> k
    com.google.android.exoplayer2.upstream.cache.SimpleCacheSpan setLastTouchTimestamp(com.google.android.exoplayer2.upstream.cache.SimpleCacheSpan,long,boolean) -> l
    void unlockRange(long) -> m
com.google.android.exoplayer2.upstream.cache.CachedContent$Range -> d.a.a.a.e3.p0.m$a:
    long length -> b
    long position -> a
    boolean contains(long,long) -> a
    boolean intersects(long,long) -> b