build/app/outputs/mapping/release/usage.txt
com.example.caivideo.R$bool
com.example.caivideo.R$font
com.example.caivideo.R$dimen
com.example.caivideo.R$attr
com.example.caivideo.R$id
com.example.caivideo.R
com.example.caivideo.R$xml
com.example.caivideo.R$color
com.example.caivideo.R$array
com.example.caivideo.R$layout
com.example.caivideo.R$string
com.example.caivideo.R$styleable
com.example.caivideo.R$plurals
com.example.caivideo.BuildConfig
com.example.caivideo.R$mipmap
com.example.caivideo.R$drawable
com.example.caivideo.R$integer
com.example.caivideo.R$style
...
com.google.errorprone.annotations.CompatibleWith
com.google.common.io.FileBackedOutputStream$1
com.google.common.io.BaseEncoding$StandardBaseEncoding
io.flutter.plugins.imagepicker.R$drawable
androidx.work.impl.foreground.SystemForegroundDispatcher:
    void <init>(android.content.Context,androidx.work.impl.WorkManagerImpl,androidx.work.impl.constraints.WorkConstraintsTracker)
    public static android.content.Intent createStartForegroundIntent(android.content.Context,java.lang.String,androidx.work.ForegroundInfo)
    public static android.content.Intent createCancelWorkIntent(android.content.Context,java.lang.String)
    public static android.content.Intent createNotifyIntent(android.content.Context,java.lang.String,androidx.work.ForegroundInfo)
    androidx.work.impl.WorkManagerImpl getWorkManager()
    private static final java.lang.String KEY_NOTIFICATION
    private static final java.lang.String KEY_NOTIFICATION_ID
    private static final java.lang.String KEY_FOREGROUND_SERVICE_TYPE
    private static final java.lang.String KEY_WORKSPEC_ID
    private static final java.lang.String ACTION_START_FOREGROUND
    private static final java.lang.String ACTION_NOTIFY
    private static final java.lang.String ACTION_CANCEL_WORK
    private static final java.lang.String ACTION_STOP_FOREGROUND
androidx.activity.R$attr
com.google.common.io.BaseEncoding$Base64Encoding
com.google.android.exoplayer2.extractor.VorbisBitArray:
    public void reset()
    public void setPosition(int)
    public int bitsLeft()
com.google.android.exoplayer2.audio.DecoderAudioRenderer$1
kotlin.coroutines.experimental.ContinuationInterceptor$DefaultImpls
androidx.media.MediaBrowserServiceCompat$ServiceBinderImpl$2
androidx.fragment.app.FragmentManagerImpl$5
com.google.common.graph.AbstractValueGraph$1
com.google.android.exoplayer2.extractor.mkv.EbmlProcessor$ElementType
androidx.lifecycle.ReportFragment$LifecycleCallbacks
com.google.common.collect.ComputationException
kotlin.coroutines.CoroutineContext$Element
androidx.core.view.DisplayCompat
com.google.common.eventbus.AsyncEventBus
androidx.room.Index
com.google.android.exoplayer2.upstream.cache.CacheDataSource$1
com.google.common.graph.AbstractBaseGraph$IncidentEdgeSet$Directed
com.google.common.util.concurrent.InterruptibleTask
androidx.annotation.StringDef
com.google.common.io.Flushables
com.google.common.cache.Striped64$Cell
kotlin.sequences.DropTakeSequence
com.google.common.collect.Iterators$4
androidx.loader.app.LoaderManagerImpl$LoaderViewModel$1
com.google.common.graph.MapRetrievalCache$CacheEntry
com.google.common.cache.LocalCache$EntryFactory$3
kotlin.comparisons.ComparisonsKt__ComparisonsKt$thenDescending$1
androidx.asynclayoutinflater.view.AsyncLayoutInflater$1
com.google.common.collect.ImmutableSortedSet$Builder
com.google.common.util.concurrent.Service$State$5
com.google.android.exoplayer2.audio.TeeAudioProcessor$WavFileAudioBufferSink
kotlin.time.ExperimentalTime
kotlin.io.TextStreamsKt
kotlin.text.StringsKt__IndentKt
com.google.common.collect.HashBiMap$InverseEntrySet
com.google.common.collect.Sets$DescendingSet
com.google.common.collect.StandardTable$Column$EntrySet
com.google.android.exoplayer2.extractor.Extractor:
    public static final int RESULT_CONTINUE
    public static final int RESULT_SEEK
    public static final int RESULT_END_OF_INPUT
androidx.room.TypeConverter
com.google.android.exoplayer2.StreamVolumeManager:
    public int getVolume()
    public boolean isMuted()
    public void setVolume(int)
    public void increaseVolume()
    public void decreaseVolume()
    public void setMuted(boolean)
    private static final java.lang.String TAG
    private static final java.lang.String VOLUME_CHANGED_ACTION
    private static final int VOLUME_FLAGS
com.google.common.math.LinearTransformation$RegularLinearTransformation
androidx.fragment.app.FragmentActivity$HostCallbacks